<?xml version="1.0" encoding="UTF-8"?>
<testng-results skipped="0" failed="0" ignored="0" total="1" passed="1">
  <reporter-output>
  </reporter-output>
  <suite name="Default suite" duration-ms="34903" started-at="2019-03-13T06:35:54Z" finished-at="2019-03-13T06:36:29Z">
    <groups>
    </groups>
    <test name="Default test" duration-ms="34903" started-at="2019-03-13T06:35:54Z" finished-at="2019-03-13T06:36:29Z">
      <class name="Day1.PageObjTest">
        <test-method status="PASS" signature="Login()[pri:0, instance:Day1.PageObjTest@3e6fa38a]" name="Login" duration-ms="34738" started-at="2019-03-13T06:35:54Z" finished-at="2019-03-13T06:36:29Z">
          <reporter-output>
          </reporter-output>
        </test-method> <!-- Login -->
      </class> <!-- Day1.PageObjTest -->
    </test> <!-- Default test -->
  </suite> <!-- Default suite -->
</testng-results>
